<?xml version="1.0" encoding="utf-8"?><testsuites><testsuite name="pytest" errors="0" failures="0" skipped="0" tests="3" time="58.559" timestamp="2021-12-30T14:51:41.676053" hostname="Campbell-Laptop"><testcase classname="test_Homepage.TestHomePage" name="test_formSubmission[getData0]" time="27.099" /><testcase classname="test_Homepage.TestHomePage" name="test_formSubmission[getData1]" time="0.508" /><testcase classname="test_e2e.TestOne" name="test_e2e" time="30.909" /></testsuite></testsuites>